<?xml version="1.0" encoding="UTF-8"?>
<testng-results skipped="0" failed="0" ignored="0" total="1" passed="1">
  <reporter-output>
  </reporter-output>
  <suite name="Default suite" duration-ms="13333" started-at="2021-12-14T23:21:30 IST" finished-at="2021-12-14T23:21:44 IST">
    <groups>
    </groups>
    <test name="Default test" duration-ms="13333" started-at="2021-12-14T23:21:30 IST" finished-at="2021-12-14T23:21:44 IST">
      <class name="com.task.Task1">
        <test-method status="PASS" signature="openBrowser()[pri:0, instance:com.task.Task1@2c039ac6]" name="openBrowser" is-config="true" duration-ms="3518" started-at="2021-12-14T23:21:27 IST" finished-at="2021-12-14T23:21:30 IST">
          <reporter-output>
          </reporter-output>
        </test-method> <!-- openBrowser -->
        <test-method status="PASS" signature="url()[pri:0, instance:com.task.Task1@2c039ac6]" name="url" is-config="true" duration-ms="6167" started-at="2021-12-14T23:21:30 IST" finished-at="2021-12-14T23:21:37 IST">
          <reporter-output>
          </reporter-output>
        </test-method> <!-- url -->
        <test-method status="PASS" signature="maximize()[pri:0, instance:com.task.Task1@2c039ac6]" name="maximize" is-config="true" duration-ms="176" started-at="2021-12-14T23:21:37 IST" finished-at="2021-12-14T23:21:37 IST">
          <reporter-output>
          </reporter-output>
        </test-method> <!-- maximize -->
        <test-method status="PASS" signature="getAllCookies()[pri:0, instance:com.task.Task1@2c039ac6]" name="getAllCookies" is-config="true" duration-ms="33" started-at="2021-12-14T23:21:38 IST" finished-at="2021-12-14T23:21:38 IST">
          <reporter-output>
          </reporter-output>
        </test-method> <!-- getAllCookies -->
        <test-method status="PASS" signature="reg(java.lang.String,java.lang.String,java.lang.String,java.lang.String,java.lang.String,java.lang.String,java.lang.String,java.lang.String,java.lang.String,java.lang.String,java.lang.String,java.lang.String)[pri:0, instance:com.task.Task1@2c039ac6]" name="reg" duration-ms="5504" started-at="2021-12-14T23:21:38 IST" data-provider="getData" finished-at="2021-12-14T23:21:44 IST">
          <params>
            <param index="0">
              <value>
                <![CDATA[abc]]>
              </value>
            </param>
            <param index="1">
              <value>
                <![CDATA[mishra]]>
              </value>
            </param>
            <param index="2">
              <value>
                <![CDATA[7546890]]>
              </value>
            </param>
            <param index="3">
              <value>
                <![CDATA[abc@gmail.com]]>
              </value>
            </param>
            <param index="4">
              <value>
                <![CDATA[karvenagar]]>
              </value>
            </param>
            <param index="5">
              <value>
                <![CDATA[pune]]>
              </value>
            </param>
            <param index="6">
              <value>
                <![CDATA[mh]]>
              </value>
            </param>
            <param index="7">
              <value>
                <![CDATA[482001]]>
              </value>
            </param>
            <param index="8">
              <value>
                <![CDATA[INDIA]]>
              </value>
            </param>
            <param index="9">
              <value>
                <![CDATA[abc@gmail.com]]>
              </value>
            </param>
            <param index="10">
              <value>
                <![CDATA[786446@]]>
              </value>
            </param>
            <param index="11">
              <value>
                <![CDATA[786446@]]>
              </value>
            </param>
          </params>
          <reporter-output>
          </reporter-output>
        </test-method> <!-- reg -->
      </class> <!-- com.task.Task1 -->
    </test> <!-- Default test -->
  </suite> <!-- Default suite -->
</testng-results>
